2015-12-29 12:39:23 [127.0.0.1][-][-][trace][nodge\eauth\oauth] EAuth http request: 
array (
  'url' => 'https://api.twitter.com/oauth/request_token',
  'method' => 'POST',
  'headers' => 
  array (
    'Authorization' => 'Authorization: OAuth oauth_callback="http%3A%2F%2Fbsb.toozza.ru%2Fuser%2Fsocial%2Flogin%3Fservice%3Dtw", oauth_consumer_key="mr2KqL6jBd7EFE3rcYJjpd7RD", oauth_nonce="rEAVkosVwHyYMTn0hOT4MPyLtMkT6ZIx", oauth_signature_method="HMAC-SHA1", oauth_timestamp="1451381963", oauth_version="1.0", oauth_signature="H0NhrC1%2Ftu9EMjj6rmzYC2hyZbI%3D"',
    'Content-type' => 'Content-type: application/x-www-form-urlencoded',
    'User-Agent' => 'User-Agent: yii2-eauth',
    'Host' => 'Host: api.twitter.com',
    'Connection' => 'Connection: close',
  ),
  'body' => 
  array (
  ),
)
    in C:\OpenServer\domains\bsb.toozza.ru\yii2\vendor\nodge\yii2-eauth\src\oauth\HttpClient.php:153
    in C:\OpenServer\domains\bsb.toozza.ru\yii2\vendor\nodge\yii2-eauth\src\oauth\HttpClient.php:167
    in C:\OpenServer\domains\bsb.toozza.ru\yii2\vendor\nodge\yii2-eauth\src\oauth\HttpClient.php:112
2015-12-29 12:39:24 [127.0.0.1][-][-][trace][nodge\eauth\oauth] EAuth http response: 
'oauth_token=fkULTAAAAAAAi-iZAAABUe1SUEY&oauth_token_secret=gdCUTKMp57O1ThXFfIxJCyAx0NA4vbNq&oauth_callback_confirmed=true'
    in C:\OpenServer\domains\bsb.toozza.ru\yii2\vendor\nodge\yii2-eauth\src\oauth\HttpClient.php:201
    in C:\OpenServer\domains\bsb.toozza.ru\yii2\vendor\nodge\yii2-eauth\src\oauth\HttpClient.php:112
    in C:\OpenServer\domains\bsb.toozza.ru\yii2\vendor\lusitanian\oauth\src\OAuth\OAuth1\Service\AbstractService.php:52
2015-12-29 12:39:25 [127.0.0.1][-][-][trace][nodge\eauth\oauth] EAuth http request: 
array (
  'url' => 'https://api.twitter.com/oauth/request_token',
  'method' => 'POST',
  'headers' => 
  array (
    'Authorization' => 'Authorization: OAuth oauth_callback="http%3A%2F%2Fbsb.toozza.ru%2Fuser%2Fsocial%2Flogin%3Fservice%3Dtw", oauth_consumer_key="mr2KqL6jBd7EFE3rcYJjpd7RD", oauth_nonce="QkEhs8Cc0dAVDX1w9bSAmfEexZi3oKh6", oauth_signature_method="HMAC-SHA1", oauth_timestamp="1451381965", oauth_version="1.0", oauth_signature="AU5HM3hxai%2FF6LeQqKlbcDmV2Dk%3D"',
    'Content-type' => 'Content-type: application/x-www-form-urlencoded',
    'User-Agent' => 'User-Agent: yii2-eauth',
    'Host' => 'Host: api.twitter.com',
    'Connection' => 'Connection: close',
  ),
  'body' => 
  array (
  ),
)
    in C:\OpenServer\domains\bsb.toozza.ru\yii2\vendor\nodge\yii2-eauth\src\oauth\HttpClient.php:153
    in C:\OpenServer\domains\bsb.toozza.ru\yii2\vendor\nodge\yii2-eauth\src\oauth\HttpClient.php:167
    in C:\OpenServer\domains\bsb.toozza.ru\yii2\vendor\nodge\yii2-eauth\src\oauth\HttpClient.php:112
2015-12-29 12:39:25 [127.0.0.1][-][-][trace][nodge\eauth\oauth] EAuth http response: 
'oauth_token=fnJDsAAAAAAAi-iZAAABUe1SVlE&oauth_token_secret=5KMmWsmxK4iM9jJ8ZGbV4NZSdnngu0mf&oauth_callback_confirmed=true'
    in C:\OpenServer\domains\bsb.toozza.ru\yii2\vendor\nodge\yii2-eauth\src\oauth\HttpClient.php:201
    in C:\OpenServer\domains\bsb.toozza.ru\yii2\vendor\nodge\yii2-eauth\src\oauth\HttpClient.php:112
    in C:\OpenServer\domains\bsb.toozza.ru\yii2\vendor\lusitanian\oauth\src\OAuth\OAuth1\Service\AbstractService.php:52
2015-12-29 14:17:16 [127.0.0.1][-][-][trace][nodge\eauth\oauth] EAuth http request: 
array (
  'url' => 'https://api.twitter.com/oauth/request_token',
  'method' => 'POST',
  'headers' => 
  array (
    'Authorization' => 'Authorization: OAuth oauth_callback="http%3A%2F%2Fbsb.toozza.ru%2Fuser%2Fsocial%2Flogin%3Fservice%3Dtw", oauth_consumer_key="mr2KqL6jBd7EFE3rcYJjpd7RD", oauth_nonce="Hcbwp2i2ARBA4HHWa1FjLK8pco9tkUjc", oauth_signature_method="HMAC-SHA1", oauth_timestamp="1451387836", oauth_version="1.0", oauth_signature="uP0FsWhM0HRYfYhWgLEg0cLbXVE%3D"',
    'Content-type' => 'Content-type: application/x-www-form-urlencoded',
    'User-Agent' => 'User-Agent: yii2-eauth',
    'Host' => 'Host: api.twitter.com',
    'Connection' => 'Connection: close',
  ),
  'body' => 
  array (
  ),
)
    in C:\OpenServer\domains\bsb.toozza.ru\yii2\vendor\nodge\yii2-eauth\src\oauth\HttpClient.php:153
    in C:\OpenServer\domains\bsb.toozza.ru\yii2\vendor\nodge\yii2-eauth\src\oauth\HttpClient.php:167
    in C:\OpenServer\domains\bsb.toozza.ru\yii2\vendor\nodge\yii2-eauth\src\oauth\HttpClient.php:112
2015-12-29 14:17:16 [127.0.0.1][-][-][trace][nodge\eauth\oauth] EAuth http response: 
'oauth_token=Eg717wAAAAAAi-iZAAABUe2r71k&oauth_token_secret=JPQdJBl71k5MN2gJpM5uObrX2DOU5swy&oauth_callback_confirmed=true'
    in C:\OpenServer\domains\bsb.toozza.ru\yii2\vendor\nodge\yii2-eauth\src\oauth\HttpClient.php:201
    in C:\OpenServer\domains\bsb.toozza.ru\yii2\vendor\nodge\yii2-eauth\src\oauth\HttpClient.php:112
    in C:\OpenServer\domains\bsb.toozza.ru\yii2\vendor\lusitanian\oauth\src\OAuth\OAuth1\Service\AbstractService.php:52
2015-12-29 14:17:37 [127.0.0.1][-][-][trace][nodge\eauth\oauth] EAuth http request: 
array (
  'url' => 'https://api.twitter.com/oauth/access_token',
  'method' => 'POST',
  'headers' => 
  array (
    'Authorization' => 'Authorization: OAuth oauth_consumer_key="mr2KqL6jBd7EFE3rcYJjpd7RD", oauth_nonce="sLKOsW23GTf5WA2FBvp2vC3RZmYpUKOm", oauth_signature_method="HMAC-SHA1", oauth_timestamp="1451387857", oauth_version="1.0", oauth_token="Eg717wAAAAAAi-iZAAABUe2r71k", oauth_verifier="uSslhjcASD082qZPP1djEYksqoNan9ZN", oauth_signature="PWtg0qew5rHL%2BRdHmh68ehRK1jM%3D"',
    'Content-type' => 'Content-type: application/x-www-form-urlencoded',
    'User-Agent' => 'User-Agent: yii2-eauth',
    'Host' => 'Host: api.twitter.com',
    'Connection' => 'Connection: close',
  ),
  'body' => 
  array (
    'oauth_verifier' => 'uSslhjcASD082qZPP1djEYksqoNan9ZN',
  ),
)
    in C:\OpenServer\domains\bsb.toozza.ru\yii2\vendor\nodge\yii2-eauth\src\oauth\HttpClient.php:153
    in C:\OpenServer\domains\bsb.toozza.ru\yii2\vendor\nodge\yii2-eauth\src\oauth\HttpClient.php:167
    in C:\OpenServer\domains\bsb.toozza.ru\yii2\vendor\nodge\yii2-eauth\src\oauth\HttpClient.php:112
2015-12-29 14:17:38 [127.0.0.1][-][-][trace][nodge\eauth\oauth] EAuth http response: 
'oauth_token=193293635-c7JBxUUhyqT6u53UiPvFuxRSy2nBCHFP4uQtHwUp&oauth_token_secret=JCWwPeTdgn8EN7qIBOCCw0Pmh3mgswTGa1j9yUwBjgTlB&user_id=193293635&screen_name=darth_smirnov&x_auth_expires=0'
    in C:\OpenServer\domains\bsb.toozza.ru\yii2\vendor\nodge\yii2-eauth\src\oauth\HttpClient.php:201
    in C:\OpenServer\domains\bsb.toozza.ru\yii2\vendor\nodge\yii2-eauth\src\oauth\HttpClient.php:112
    in C:\OpenServer\domains\bsb.toozza.ru\yii2\vendor\lusitanian\oauth\src\OAuth\OAuth1\Service\AbstractService.php:100
2015-12-29 14:17:38 [127.0.0.1][-][-][trace][nodge\eauth\oauth] EAuth http request: 
array (
  'url' => 'https://api.twitter.com/1.1/account/verify_credentials.json',
  'method' => 'GET',
  'headers' => 
  array (
    'Authorization' => 'Authorization: OAuth oauth_consumer_key="mr2KqL6jBd7EFE3rcYJjpd7RD", oauth_nonce="AdFXTK9V0OhsdmIhqTxCClkc0dbdRsHp", oauth_signature_method="HMAC-SHA1", oauth_timestamp="1451387858", oauth_version="1.0", oauth_token="193293635-c7JBxUUhyqT6u53UiPvFuxRSy2nBCHFP4uQtHwUp", oauth_signature="CjWXOYjgpqXcqCOjoUUb%2FNYQfDI%3D"',
    'User-Agent' => 'User-Agent: yii2-eauth',
    'Host' => 'Host: api.twitter.com',
    'Connection' => 'Connection: close',
  ),
  'body' => 
  array (
  ),
)
    in C:\OpenServer\domains\bsb.toozza.ru\yii2\vendor\nodge\yii2-eauth\src\oauth\HttpClient.php:153
    in C:\OpenServer\domains\bsb.toozza.ru\yii2\vendor\nodge\yii2-eauth\src\oauth\HttpClient.php:167
    in C:\OpenServer\domains\bsb.toozza.ru\yii2\vendor\nodge\yii2-eauth\src\oauth\HttpClient.php:112
2015-12-29 14:17:39 [127.0.0.1][-][-][trace][nodge\eauth\oauth] EAuth http response: 
'{"id":193293635,"id_str":"193293635","name":"\\u0410\\u043b\\u0435\\u043a\\u0441\\u0430\\u043d\\u0434\\u0440 \\u0421\\u043c\\u0438\\u0440\\u043d\\u043e\\u0432","screen_name":"darth_smirnov","location":"\\u0421\\u0438\\u043c\\u0444\\u0435\\u0440\\u043e\\u043f\\u043e\\u043b\\u044c, \\u0420\\u043e\\u0441\\u0441\\u0438\\u044f","description":"\\u0412\\u0435\\u0440\\u0441\\u0442\\u0430\\u043b\\u044c\\u0449\\u0438\\u043a, Wordpress \\u0440\\u0430\\u0437\\u0440\\u0430\\u0431\\u043e\\u0442\\u0447\\u0438\\u043a","url":null,"entities":{"description":{"urls":[]}},"protected":false,"followers_count":8,"friends_count":50,"listed_count":0,"created_at":"Tue Sep 21 13:34:58 +0000 2010","favourites_count":2,"utc_offset":10800,"time_zone":"Moscow","geo_enabled":false,"verified":false,"statuses_count":90,"lang":"ru","status":{"created_at":"Sun Sep 13 10:03:04 +0000 2015","id":643001942168477696,"id_str":"643001942168477696","text":"\\u0418\\u043d\\u043d\\u043e\\u0432\\u0430\\u0446\\u0438\\u043e\\u043d\\u043d\\u0430\\u044f \\u0441\\u0438\\u0441\\u0442\\u0435\\u043c\\u0430 e-Commerce \\u0432 \\u0437\\u043e\\u043d\\u0430\\u0445 .RU \\u0438 .\\u0420\\u0424. \\u0423\\u0434\\u043e\\u0431\\u0441\\u0442\\u0432\\u043e, \\u043d\\u0430\\u0434\\u0435\\u0436\\u043d\\u043e\\u0441\\u0442\\u044c \\u0438 \\u0430\\u043d\\u043e\\u043d\\u0438\\u043c\\u043d\\u043e\\u0441\\u0442\\u044c \\u0412\\u0430\\u0448\\u0438\\u0445 \\u043f\\u043e\\u043a\\u0443\\u043f\\u043e\\u043a \\u0432 \\u0418\\u043d\\u0442\\u0435\\u0440\\u043d\\u0435\\u0442\\u0435. http:\\/\\/t.co\\/M4AmyKqfGA","source":"\\u003ca href=\\"http:\\/\\/twitter.com\\" rel=\\"nofollow\\"\\u003eTwitter Web Client\\u003c\\/a\\u003e","truncated":false,"in_reply_to_status_id":null,"in_reply_to_status_id_str":null,"in_reply_to_user_id":null,"in_reply_to_user_id_str":null,"in_reply_to_screen_name":null,"geo":null,"coordinates":null,"place":null,"contributors":null,"retweet_count":0,"favorite_count":0,"entities":{"hashtags":[],"symbols":[],"user_mentions":[],"urls":[{"url":"http:\\/\\/t.co\\/M4AmyKqfGA","expanded_url":"http:\\/\\/www.iqupi.ru\\/","display_url":"iqupi.ru","indices":[114,136]}]},"favorited":false,"retweeted":false,"possibly_sensitive":false,"lang":"ru"},"contributors_enabled":false,"is_translator":false,"is_translation_enabled":false,"profile_background_color":"000000","profile_background_image_url":"http:\\/\\/pbs.twimg.com\\/profile_background_images\\/289129122\\/895066545.jpg","profile_background_image_url_https":"https:\\/\\/pbs.twimg.com\\/profile_background_images\\/289129122\\/895066545.jpg","profile_background_tile":false,"profile_image_url":"http:\\/\\/pbs.twimg.com\\/profile_images\\/465231495032885248\\/2WI2peft_normal.jpeg","profile_image_url_https":"https:\\/\\/pbs.twimg.com\\/profile_images\\/465231495032885248\\/2WI2peft_normal.jpeg","profile_banner_url":"https:\\/\\/pbs.twimg.com\\/profile_banners\\/193293635\\/1399754637","profile_link_color":"318F8D","profile_sidebar_border_color":"989047","profile_sidebar_fill_color":"000000","profile_text_color":"00E1FF","profile_use_background_image":true,"has_extended_profile":false,"default_profile":false,"default_profile_image":false,"following":false,"follow_request_sent":false,"notifications":false}'
    in C:\OpenServer\domains\bsb.toozza.ru\yii2\vendor\nodge\yii2-eauth\src\oauth\HttpClient.php:201
    in C:\OpenServer\domains\bsb.toozza.ru\yii2\vendor\nodge\yii2-eauth\src\oauth\HttpClient.php:112
    in C:\OpenServer\domains\bsb.toozza.ru\yii2\vendor\lusitanian\oauth\src\OAuth\OAuth1\Service\AbstractService.php:132
2016-01-04 16:29:43 [127.0.0.1][-][-][trace][nodge\eauth\oauth] EAuth http request: 
array (
  'url' => 'https://api.twitter.com/oauth/request_token',
  'method' => 'POST',
  'headers' => 
  array (
    'Authorization' => 'Authorization: OAuth oauth_callback="http%3A%2F%2Fbsb.toozza.ru%2Fuser%2Fsocial%2Flogin%3Fservice%3Dtw", oauth_consumer_key="mr2KqL6jBd7EFE3rcYJjpd7RD", oauth_nonce="leKbEzvJNEEEK7UgYYursU7vEX1jxJRc", oauth_signature_method="HMAC-SHA1", oauth_timestamp="1451914183", oauth_version="1.0", oauth_signature="QESqFuHXNnUNajXy7P05MF8oCnA%3D"',
    'Content-type' => 'Content-type: application/x-www-form-urlencoded',
    'User-Agent' => 'User-Agent: yii2-eauth',
    'Host' => 'Host: api.twitter.com',
    'Connection' => 'Connection: close',
  ),
  'body' => 
  array (
  ),
)
    in C:\OpenServer\domains\bsb.toozza.ru\yii2\vendor\nodge\yii2-eauth\src\oauth\HttpClient.php:153
    in C:\OpenServer\domains\bsb.toozza.ru\yii2\vendor\nodge\yii2-eauth\src\oauth\HttpClient.php:167
    in C:\OpenServer\domains\bsb.toozza.ru\yii2\vendor\nodge\yii2-eauth\src\oauth\HttpClient.php:112
2016-01-04 16:29:44 [127.0.0.1][-][-][trace][nodge\eauth\oauth] EAuth http response: 
'oauth_token=HR1DowAAAAAAi-iZAAABUgzURhk&oauth_token_secret=1LJwb6W15mn8uOnMFa0iKSvuHwASZ7ex&oauth_callback_confirmed=true'
    in C:\OpenServer\domains\bsb.toozza.ru\yii2\vendor\nodge\yii2-eauth\src\oauth\HttpClient.php:201
    in C:\OpenServer\domains\bsb.toozza.ru\yii2\vendor\nodge\yii2-eauth\src\oauth\HttpClient.php:112
    in C:\OpenServer\domains\bsb.toozza.ru\yii2\vendor\lusitanian\oauth\src\OAuth\OAuth1\Service\AbstractService.php:52
2016-01-04 16:29:45 [127.0.0.1][-][-][trace][nodge\eauth\oauth] EAuth http request: 
array (
  'url' => 'https://api.twitter.com/oauth/access_token',
  'method' => 'POST',
  'headers' => 
  array (
    'Authorization' => 'Authorization: OAuth oauth_consumer_key="mr2KqL6jBd7EFE3rcYJjpd7RD", oauth_nonce="zkW2JkV8uQ4jNs4Z9g7XtQYzhkQFwgrC", oauth_signature_method="HMAC-SHA1", oauth_timestamp="1451914185", oauth_version="1.0", oauth_token="HR1DowAAAAAAi-iZAAABUgzURhk", oauth_verifier="T2UOjANgKvlL7QoVco7LM2P26W07jP0h", oauth_signature="RctXuXdurDyZ9amGCEhACwTOALQ%3D"',
    'Content-type' => 'Content-type: application/x-www-form-urlencoded',
    'User-Agent' => 'User-Agent: yii2-eauth',
    'Host' => 'Host: api.twitter.com',
    'Connection' => 'Connection: close',
  ),
  'body' => 
  array (
    'oauth_verifier' => 'T2UOjANgKvlL7QoVco7LM2P26W07jP0h',
  ),
)
    in C:\OpenServer\domains\bsb.toozza.ru\yii2\vendor\nodge\yii2-eauth\src\oauth\HttpClient.php:153
    in C:\OpenServer\domains\bsb.toozza.ru\yii2\vendor\nodge\yii2-eauth\src\oauth\HttpClient.php:167
    in C:\OpenServer\domains\bsb.toozza.ru\yii2\vendor\nodge\yii2-eauth\src\oauth\HttpClient.php:112
2016-01-04 16:29:46 [127.0.0.1][-][-][trace][nodge\eauth\oauth] EAuth http response: 
'oauth_token=193293635-c7JBxUUhyqT6u53UiPvFuxRSy2nBCHFP4uQtHwUp&oauth_token_secret=JCWwPeTdgn8EN7qIBOCCw0Pmh3mgswTGa1j9yUwBjgTlB&user_id=193293635&screen_name=darth_smirnov&x_auth_expires=0'
    in C:\OpenServer\domains\bsb.toozza.ru\yii2\vendor\nodge\yii2-eauth\src\oauth\HttpClient.php:201
    in C:\OpenServer\domains\bsb.toozza.ru\yii2\vendor\nodge\yii2-eauth\src\oauth\HttpClient.php:112
    in C:\OpenServer\domains\bsb.toozza.ru\yii2\vendor\lusitanian\oauth\src\OAuth\OAuth1\Service\AbstractService.php:100
2016-01-04 16:29:46 [127.0.0.1][-][-][trace][nodge\eauth\oauth] EAuth http request: 
array (
  'url' => 'https://api.twitter.com/1.1/account/verify_credentials.json',
  'method' => 'GET',
  'headers' => 
  array (
    'Authorization' => 'Authorization: OAuth oauth_consumer_key="mr2KqL6jBd7EFE3rcYJjpd7RD", oauth_nonce="FM1eHseR4olnJb46bUBQnaH1N5ypobTo", oauth_signature_method="HMAC-SHA1", oauth_timestamp="1451914186", oauth_version="1.0", oauth_token="193293635-c7JBxUUhyqT6u53UiPvFuxRSy2nBCHFP4uQtHwUp", oauth_signature="BOf%2FqxJXJkkVBI%2FT88Xf7YZ8omk%3D"',
    'User-Agent' => 'User-Agent: yii2-eauth',
    'Host' => 'Host: api.twitter.com',
    'Connection' => 'Connection: close',
  ),
  'body' => 
  array (
  ),
)
    in C:\OpenServer\domains\bsb.toozza.ru\yii2\vendor\nodge\yii2-eauth\src\oauth\HttpClient.php:153
    in C:\OpenServer\domains\bsb.toozza.ru\yii2\vendor\nodge\yii2-eauth\src\oauth\HttpClient.php:167
    in C:\OpenServer\domains\bsb.toozza.ru\yii2\vendor\nodge\yii2-eauth\src\oauth\HttpClient.php:112
2016-01-04 16:29:47 [127.0.0.1][-][-][trace][nodge\eauth\oauth] EAuth http response: 
'{"id":193293635,"id_str":"193293635","name":"\\u0410\\u043b\\u0435\\u043a\\u0441\\u0430\\u043d\\u0434\\u0440 \\u0421\\u043c\\u0438\\u0440\\u043d\\u043e\\u0432","screen_name":"darth_smirnov","location":"\\u0421\\u0438\\u043c\\u0444\\u0435\\u0440\\u043e\\u043f\\u043e\\u043b\\u044c, \\u0420\\u043e\\u0441\\u0441\\u0438\\u044f","description":"\\u0412\\u0435\\u0440\\u0441\\u0442\\u0430\\u043b\\u044c\\u0449\\u0438\\u043a, Wordpress \\u0440\\u0430\\u0437\\u0440\\u0430\\u0431\\u043e\\u0442\\u0447\\u0438\\u043a","url":null,"entities":{"description":{"urls":[]}},"protected":false,"followers_count":7,"friends_count":50,"listed_count":0,"created_at":"Tue Sep 21 13:34:58 +0000 2010","favourites_count":2,"utc_offset":10800,"time_zone":"Moscow","geo_enabled":false,"verified":false,"statuses_count":90,"lang":"ru","status":{"created_at":"Sun Sep 13 10:03:04 +0000 2015","id":643001942168477696,"id_str":"643001942168477696","text":"\\u0418\\u043d\\u043d\\u043e\\u0432\\u0430\\u0446\\u0438\\u043e\\u043d\\u043d\\u0430\\u044f \\u0441\\u0438\\u0441\\u0442\\u0435\\u043c\\u0430 e-Commerce \\u0432 \\u0437\\u043e\\u043d\\u0430\\u0445 .RU \\u0438 .\\u0420\\u0424. \\u0423\\u0434\\u043e\\u0431\\u0441\\u0442\\u0432\\u043e, \\u043d\\u0430\\u0434\\u0435\\u0436\\u043d\\u043e\\u0441\\u0442\\u044c \\u0438 \\u0430\\u043d\\u043e\\u043d\\u0438\\u043c\\u043d\\u043e\\u0441\\u0442\\u044c \\u0412\\u0430\\u0448\\u0438\\u0445 \\u043f\\u043e\\u043a\\u0443\\u043f\\u043e\\u043a \\u0432 \\u0418\\u043d\\u0442\\u0435\\u0440\\u043d\\u0435\\u0442\\u0435. http:\\/\\/t.co\\/M4AmyKqfGA","source":"\\u003ca href=\\"http:\\/\\/twitter.com\\" rel=\\"nofollow\\"\\u003eTwitter Web Client\\u003c\\/a\\u003e","truncated":false,"in_reply_to_status_id":null,"in_reply_to_status_id_str":null,"in_reply_to_user_id":null,"in_reply_to_user_id_str":null,"in_reply_to_screen_name":null,"geo":null,"coordinates":null,"place":null,"contributors":null,"retweet_count":0,"favorite_count":0,"entities":{"hashtags":[],"symbols":[],"user_mentions":[],"urls":[{"url":"http:\\/\\/t.co\\/M4AmyKqfGA","expanded_url":"http:\\/\\/www.iqupi.ru\\/","display_url":"iqupi.ru","indices":[114,136]}]},"favorited":false,"retweeted":false,"possibly_sensitive":false,"lang":"ru"},"contributors_enabled":false,"is_translator":false,"is_translation_enabled":false,"profile_background_color":"000000","profile_background_image_url":"http:\\/\\/pbs.twimg.com\\/profile_background_images\\/289129122\\/895066545.jpg","profile_background_image_url_https":"https:\\/\\/pbs.twimg.com\\/profile_background_images\\/289129122\\/895066545.jpg","profile_background_tile":false,"profile_image_url":"http:\\/\\/pbs.twimg.com\\/profile_images\\/465231495032885248\\/2WI2peft_normal.jpeg","profile_image_url_https":"https:\\/\\/pbs.twimg.com\\/profile_images\\/465231495032885248\\/2WI2peft_normal.jpeg","profile_banner_url":"https:\\/\\/pbs.twimg.com\\/profile_banners\\/193293635\\/1399754637","profile_link_color":"318F8D","profile_sidebar_border_color":"989047","profile_sidebar_fill_color":"000000","profile_text_color":"00E1FF","profile_use_background_image":true,"has_extended_profile":false,"default_profile":false,"default_profile_image":false,"following":false,"follow_request_sent":false,"notifications":false}'
    in C:\OpenServer\domains\bsb.toozza.ru\yii2\vendor\nodge\yii2-eauth\src\oauth\HttpClient.php:201
    in C:\OpenServer\domains\bsb.toozza.ru\yii2\vendor\nodge\yii2-eauth\src\oauth\HttpClient.php:112
    in C:\OpenServer\domains\bsb.toozza.ru\yii2\vendor\lusitanian\oauth\src\OAuth\OAuth1\Service\AbstractService.php:132
2016-01-04 17:01:42 [127.0.0.1][-][-][trace][nodge\eauth\oauth] EAuth http request: 
array (
  'url' => 'https://api.twitter.com/oauth/request_token',
  'method' => 'POST',
  'headers' => 
  array (
    'Authorization' => 'Authorization: OAuth oauth_callback="http%3A%2F%2Fbsb.toozza.ru%2Fuser%2Fsocial%2Flogin%3Fservice%3Dtw", oauth_consumer_key="mr2KqL6jBd7EFE3rcYJjpd7RD", oauth_nonce="DuAkVqr7qqASHdo8R2GNvzOoH4CQ5drD", oauth_signature_method="HMAC-SHA1", oauth_timestamp="1451916102", oauth_version="1.0", oauth_signature="OIiYbbfn1Cy1Kusb5ocCUtPD%2BRI%3D"',
    'Content-type' => 'Content-type: application/x-www-form-urlencoded',
    'User-Agent' => 'User-Agent: yii2-eauth',
    'Host' => 'Host: api.twitter.com',
    'Connection' => 'Connection: close',
  ),
  'body' => 
  array (
  ),
)
    in C:\OpenServer\domains\bsb.toozza.ru\yii2\vendor\nodge\yii2-eauth\src\oauth\HttpClient.php:153
    in C:\OpenServer\domains\bsb.toozza.ru\yii2\vendor\nodge\yii2-eauth\src\oauth\HttpClient.php:167
    in C:\OpenServer\domains\bsb.toozza.ru\yii2\vendor\nodge\yii2-eauth\src\oauth\HttpClient.php:112
2016-01-04 17:01:43 [127.0.0.1][-][-][trace][nodge\eauth\oauth] EAuth http response: 
'oauth_token=MDuW4QAAAAAAi-iZAAABUgzxjHI&oauth_token_secret=VNNF9j3a9Fcs59BJP2ZdNWC5S1vZI4zJ&oauth_callback_confirmed=true'
    in C:\OpenServer\domains\bsb.toozza.ru\yii2\vendor\nodge\yii2-eauth\src\oauth\HttpClient.php:201
    in C:\OpenServer\domains\bsb.toozza.ru\yii2\vendor\nodge\yii2-eauth\src\oauth\HttpClient.php:112
    in C:\OpenServer\domains\bsb.toozza.ru\yii2\vendor\lusitanian\oauth\src\OAuth\OAuth1\Service\AbstractService.php:52
2016-01-04 17:01:44 [127.0.0.1][-][-][trace][nodge\eauth\oauth] EAuth http request: 
array (
  'url' => 'https://api.twitter.com/oauth/access_token',
  'method' => 'POST',
  'headers' => 
  array (
    'Authorization' => 'Authorization: OAuth oauth_consumer_key="mr2KqL6jBd7EFE3rcYJjpd7RD", oauth_nonce="Hh9KaV3DzqZhwrk98fVaVw7R3uHb6T5A", oauth_signature_method="HMAC-SHA1", oauth_timestamp="1451916104", oauth_version="1.0", oauth_token="MDuW4QAAAAAAi-iZAAABUgzxjHI", oauth_verifier="LqyWrZmaZS4jh96KsxPrrgVxaED6AePX", oauth_signature="dnqmrHPQ5YXj6UBVqZi6eL22Z4c%3D"',
    'Content-type' => 'Content-type: application/x-www-form-urlencoded',
    'User-Agent' => 'User-Agent: yii2-eauth',
    'Host' => 'Host: api.twitter.com',
    'Connection' => 'Connection: close',
  ),
  'body' => 
  array (
    'oauth_verifier' => 'LqyWrZmaZS4jh96KsxPrrgVxaED6AePX',
  ),
)
    in C:\OpenServer\domains\bsb.toozza.ru\yii2\vendor\nodge\yii2-eauth\src\oauth\HttpClient.php:153
    in C:\OpenServer\domains\bsb.toozza.ru\yii2\vendor\nodge\yii2-eauth\src\oauth\HttpClient.php:167
    in C:\OpenServer\domains\bsb.toozza.ru\yii2\vendor\nodge\yii2-eauth\src\oauth\HttpClient.php:112
2016-01-04 17:01:45 [127.0.0.1][-][-][trace][nodge\eauth\oauth] EAuth http response: 
'oauth_token=193293635-c7JBxUUhyqT6u53UiPvFuxRSy2nBCHFP4uQtHwUp&oauth_token_secret=JCWwPeTdgn8EN7qIBOCCw0Pmh3mgswTGa1j9yUwBjgTlB&user_id=193293635&screen_name=darth_smirnov&x_auth_expires=0'
    in C:\OpenServer\domains\bsb.toozza.ru\yii2\vendor\nodge\yii2-eauth\src\oauth\HttpClient.php:201
    in C:\OpenServer\domains\bsb.toozza.ru\yii2\vendor\nodge\yii2-eauth\src\oauth\HttpClient.php:112
    in C:\OpenServer\domains\bsb.toozza.ru\yii2\vendor\lusitanian\oauth\src\OAuth\OAuth1\Service\AbstractService.php:100
2016-01-04 17:01:45 [127.0.0.1][-][-][trace][nodge\eauth\oauth] EAuth http request: 
array (
  'url' => 'https://api.twitter.com/1.1/account/verify_credentials.json',
  'method' => 'GET',
  'headers' => 
  array (
    'Authorization' => 'Authorization: OAuth oauth_consumer_key="mr2KqL6jBd7EFE3rcYJjpd7RD", oauth_nonce="8V44Lk147iKyJyE1JkxpIlKdLO0otr5p", oauth_signature_method="HMAC-SHA1", oauth_timestamp="1451916105", oauth_version="1.0", oauth_token="193293635-c7JBxUUhyqT6u53UiPvFuxRSy2nBCHFP4uQtHwUp", oauth_signature="Ysgo9sWYFtqz%2B80HBz8h%2Fxyb8Z0%3D"',
    'User-Agent' => 'User-Agent: yii2-eauth',
    'Host' => 'Host: api.twitter.com',
    'Connection' => 'Connection: close',
  ),
  'body' => 
  array (
  ),
)
    in C:\OpenServer\domains\bsb.toozza.ru\yii2\vendor\nodge\yii2-eauth\src\oauth\HttpClient.php:153
    in C:\OpenServer\domains\bsb.toozza.ru\yii2\vendor\nodge\yii2-eauth\src\oauth\HttpClient.php:167
    in C:\OpenServer\domains\bsb.toozza.ru\yii2\vendor\nodge\yii2-eauth\src\oauth\HttpClient.php:112
2016-01-04 17:01:46 [127.0.0.1][-][-][trace][nodge\eauth\oauth] EAuth http response: 
'{"id":193293635,"id_str":"193293635","name":"\\u0410\\u043b\\u0435\\u043a\\u0441\\u0430\\u043d\\u0434\\u0440 \\u0421\\u043c\\u0438\\u0440\\u043d\\u043e\\u0432","screen_name":"darth_smirnov","location":"\\u0421\\u0438\\u043c\\u0444\\u0435\\u0440\\u043e\\u043f\\u043e\\u043b\\u044c, \\u0420\\u043e\\u0441\\u0441\\u0438\\u044f","description":"\\u0412\\u0435\\u0440\\u0441\\u0442\\u0430\\u043b\\u044c\\u0449\\u0438\\u043a, Wordpress \\u0440\\u0430\\u0437\\u0440\\u0430\\u0431\\u043e\\u0442\\u0447\\u0438\\u043a","url":null,"entities":{"description":{"urls":[]}},"protected":false,"followers_count":7,"friends_count":50,"listed_count":0,"created_at":"Tue Sep 21 13:34:58 +0000 2010","favourites_count":2,"utc_offset":10800,"time_zone":"Moscow","geo_enabled":false,"verified":false,"statuses_count":90,"lang":"ru","status":{"created_at":"Sun Sep 13 10:03:04 +0000 2015","id":643001942168477696,"id_str":"643001942168477696","text":"\\u0418\\u043d\\u043d\\u043e\\u0432\\u0430\\u0446\\u0438\\u043e\\u043d\\u043d\\u0430\\u044f \\u0441\\u0438\\u0441\\u0442\\u0435\\u043c\\u0430 e-Commerce \\u0432 \\u0437\\u043e\\u043d\\u0430\\u0445 .RU \\u0438 .\\u0420\\u0424. \\u0423\\u0434\\u043e\\u0431\\u0441\\u0442\\u0432\\u043e, \\u043d\\u0430\\u0434\\u0435\\u0436\\u043d\\u043e\\u0441\\u0442\\u044c \\u0438 \\u0430\\u043d\\u043e\\u043d\\u0438\\u043c\\u043d\\u043e\\u0441\\u0442\\u044c \\u0412\\u0430\\u0448\\u0438\\u0445 \\u043f\\u043e\\u043a\\u0443\\u043f\\u043e\\u043a \\u0432 \\u0418\\u043d\\u0442\\u0435\\u0440\\u043d\\u0435\\u0442\\u0435. http:\\/\\/t.co\\/M4AmyKqfGA","source":"\\u003ca href=\\"http:\\/\\/twitter.com\\" rel=\\"nofollow\\"\\u003eTwitter Web Client\\u003c\\/a\\u003e","truncated":false,"in_reply_to_status_id":null,"in_reply_to_status_id_str":null,"in_reply_to_user_id":null,"in_reply_to_user_id_str":null,"in_reply_to_screen_name":null,"geo":null,"coordinates":null,"place":null,"contributors":null,"retweet_count":0,"favorite_count":0,"entities":{"hashtags":[],"symbols":[],"user_mentions":[],"urls":[{"url":"http:\\/\\/t.co\\/M4AmyKqfGA","expanded_url":"http:\\/\\/www.iqupi.ru\\/","display_url":"iqupi.ru","indices":[114,136]}]},"favorited":false,"retweeted":false,"possibly_sensitive":false,"lang":"ru"},"contributors_enabled":false,"is_translator":false,"is_translation_enabled":false,"profile_background_color":"000000","profile_background_image_url":"http:\\/\\/pbs.twimg.com\\/profile_background_images\\/289129122\\/895066545.jpg","profile_background_image_url_https":"https:\\/\\/pbs.twimg.com\\/profile_background_images\\/289129122\\/895066545.jpg","profile_background_tile":false,"profile_image_url":"http:\\/\\/pbs.twimg.com\\/profile_images\\/465231495032885248\\/2WI2peft_normal.jpeg","profile_image_url_https":"https:\\/\\/pbs.twimg.com\\/profile_images\\/465231495032885248\\/2WI2peft_normal.jpeg","profile_banner_url":"https:\\/\\/pbs.twimg.com\\/profile_banners\\/193293635\\/1399754637","profile_link_color":"318F8D","profile_sidebar_border_color":"989047","profile_sidebar_fill_color":"000000","profile_text_color":"00E1FF","profile_use_background_image":true,"has_extended_profile":false,"default_profile":false,"default_profile_image":false,"following":false,"follow_request_sent":false,"notifications":false}'
    in C:\OpenServer\domains\bsb.toozza.ru\yii2\vendor\nodge\yii2-eauth\src\oauth\HttpClient.php:201
    in C:\OpenServer\domains\bsb.toozza.ru\yii2\vendor\nodge\yii2-eauth\src\oauth\HttpClient.php:112
    in C:\OpenServer\domains\bsb.toozza.ru\yii2\vendor\lusitanian\oauth\src\OAuth\OAuth1\Service\AbstractService.php:132
2016-01-13 18:01:34 [127.0.0.1][-][-][trace][nodge\eauth\oauth] EAuth http request: 
array (
  'url' => 'https://api.twitter.com/oauth/request_token',
  'method' => 'POST',
  'headers' => 
  array (
    'Authorization' => 'Authorization: OAuth oauth_callback="http%3A%2F%2Fbsb.toozza.ru%2Fuser%2Fsocial%2Flogin%3Fservice%3Dtw", oauth_consumer_key="x3JOQktxKRY4alFVnlUrvf560", oauth_nonce="LjNsEhmLOQrc5YCvN8YSPh94vTaeGXG0", oauth_signature_method="HMAC-SHA1", oauth_timestamp="1452697294", oauth_version="1.0", oauth_signature="VcQ9iQzoElAftVPbJDVs06NrWMc%3D"',
    'Content-type' => 'Content-type: application/x-www-form-urlencoded',
    'User-Agent' => 'User-Agent: yii2-eauth',
    'Host' => 'Host: api.twitter.com',
    'Connection' => 'Connection: close',
  ),
  'body' => 
  array (
  ),
)
    in C:\OpenServer\domains\bsb.toozza.ru\yii2\vendor\nodge\yii2-eauth\src\oauth\HttpClient.php:153
    in C:\OpenServer\domains\bsb.toozza.ru\yii2\vendor\nodge\yii2-eauth\src\oauth\HttpClient.php:167
    in C:\OpenServer\domains\bsb.toozza.ru\yii2\vendor\nodge\yii2-eauth\src\oauth\HttpClient.php:112
2016-01-13 18:01:35 [127.0.0.1][-][-][trace][nodge\eauth\oauth] EAuth http response: 
'oauth_token=VwaNdgAAAAAAjysaAAABUjuBpD4&oauth_token_secret=3j3UjFsey5Z1LNZJB9WIcc0XlqkxTOr9&oauth_callback_confirmed=true'
    in C:\OpenServer\domains\bsb.toozza.ru\yii2\vendor\nodge\yii2-eauth\src\oauth\HttpClient.php:201
    in C:\OpenServer\domains\bsb.toozza.ru\yii2\vendor\nodge\yii2-eauth\src\oauth\HttpClient.php:112
    in C:\OpenServer\domains\bsb.toozza.ru\yii2\vendor\lusitanian\oauth\src\OAuth\OAuth1\Service\AbstractService.php:52
2016-01-13 18:01:59 [127.0.0.1][-][-][trace][nodge\eauth\oauth] EAuth http request: 
array (
  'url' => 'https://api.twitter.com/oauth/access_token',
  'method' => 'POST',
  'headers' => 
  array (
    'Authorization' => 'Authorization: OAuth oauth_consumer_key="x3JOQktxKRY4alFVnlUrvf560", oauth_nonce="GUL2mK1y4UuZCoQ2oF9SeGXhsUpsUj77", oauth_signature_method="HMAC-SHA1", oauth_timestamp="1452697319", oauth_version="1.0", oauth_token="VwaNdgAAAAAAjysaAAABUjuBpD4", oauth_verifier="i2WvOVDsHHgsKnVQvm0Wvgu8esGivk0z", oauth_signature="eBlsrvfr%2BdA8rN0pA3cRnmYrycg%3D"',
    'Content-type' => 'Content-type: application/x-www-form-urlencoded',
    'User-Agent' => 'User-Agent: yii2-eauth',
    'Host' => 'Host: api.twitter.com',
    'Connection' => 'Connection: close',
  ),
  'body' => 
  array (
    'oauth_verifier' => 'i2WvOVDsHHgsKnVQvm0Wvgu8esGivk0z',
  ),
)
    in C:\OpenServer\domains\bsb.toozza.ru\yii2\vendor\nodge\yii2-eauth\src\oauth\HttpClient.php:153
    in C:\OpenServer\domains\bsb.toozza.ru\yii2\vendor\nodge\yii2-eauth\src\oauth\HttpClient.php:167
    in C:\OpenServer\domains\bsb.toozza.ru\yii2\vendor\nodge\yii2-eauth\src\oauth\HttpClient.php:112
2016-01-13 18:02:00 [127.0.0.1][-][-][trace][nodge\eauth\oauth] EAuth http response: 
'oauth_token=193293635-d9PsPUl8GMHaVGu0xOYiKxIRgfR9oc41yRLrdLZM&oauth_token_secret=jnIrc1ZAHmMtFLylsQLxmfz0nLlZGtNAofvox4Trk4kkP&user_id=193293635&screen_name=darth_smirnov&x_auth_expires=0'
    in C:\OpenServer\domains\bsb.toozza.ru\yii2\vendor\nodge\yii2-eauth\src\oauth\HttpClient.php:201
    in C:\OpenServer\domains\bsb.toozza.ru\yii2\vendor\nodge\yii2-eauth\src\oauth\HttpClient.php:112
    in C:\OpenServer\domains\bsb.toozza.ru\yii2\vendor\lusitanian\oauth\src\OAuth\OAuth1\Service\AbstractService.php:100
2016-01-13 18:02:00 [127.0.0.1][-][-][trace][nodge\eauth\oauth] EAuth http request: 
array (
  'url' => 'https://api.twitter.com/1.1/account/verify_credentials.json',
  'method' => 'GET',
  'headers' => 
  array (
    'Authorization' => 'Authorization: OAuth oauth_consumer_key="x3JOQktxKRY4alFVnlUrvf560", oauth_nonce="Xo7sr51eGRVDyHrpn5EKZW0oLM3xwyTV", oauth_signature_method="HMAC-SHA1", oauth_timestamp="1452697320", oauth_version="1.0", oauth_token="193293635-d9PsPUl8GMHaVGu0xOYiKxIRgfR9oc41yRLrdLZM", oauth_signature="iosSCW%2FgbKFeYQIzHjSjwsF9CQA%3D"',
    'User-Agent' => 'User-Agent: yii2-eauth',
    'Host' => 'Host: api.twitter.com',
    'Connection' => 'Connection: close',
  ),
  'body' => 
  array (
  ),
)
    in C:\OpenServer\domains\bsb.toozza.ru\yii2\vendor\nodge\yii2-eauth\src\oauth\HttpClient.php:153
    in C:\OpenServer\domains\bsb.toozza.ru\yii2\vendor\nodge\yii2-eauth\src\oauth\HttpClient.php:167
    in C:\OpenServer\domains\bsb.toozza.ru\yii2\vendor\nodge\yii2-eauth\src\oauth\HttpClient.php:112
2016-01-13 18:02:01 [127.0.0.1][-][-][trace][nodge\eauth\oauth] EAuth http response: 
'{"id":193293635,"id_str":"193293635","name":"\\u0410\\u043b\\u0435\\u043a\\u0441\\u0430\\u043d\\u0434\\u0440 \\u0421\\u043c\\u0438\\u0440\\u043d\\u043e\\u0432","screen_name":"darth_smirnov","location":"\\u0421\\u0438\\u043c\\u0444\\u0435\\u0440\\u043e\\u043f\\u043e\\u043b\\u044c, \\u0420\\u043e\\u0441\\u0441\\u0438\\u044f","description":"\\u0412\\u0435\\u0440\\u0441\\u0442\\u0430\\u043b\\u044c\\u0449\\u0438\\u043a, Wordpress \\u0440\\u0430\\u0437\\u0440\\u0430\\u0431\\u043e\\u0442\\u0447\\u0438\\u043a","url":null,"entities":{"description":{"urls":[]}},"protected":false,"followers_count":7,"friends_count":50,"listed_count":0,"created_at":"Tue Sep 21 13:34:58 +0000 2010","favourites_count":2,"utc_offset":10800,"time_zone":"Moscow","geo_enabled":false,"verified":false,"statuses_count":90,"lang":"ru","status":{"created_at":"Sun Sep 13 10:03:04 +0000 2015","id":643001942168477696,"id_str":"643001942168477696","text":"\\u0418\\u043d\\u043d\\u043e\\u0432\\u0430\\u0446\\u0438\\u043e\\u043d\\u043d\\u0430\\u044f \\u0441\\u0438\\u0441\\u0442\\u0435\\u043c\\u0430 e-Commerce \\u0432 \\u0437\\u043e\\u043d\\u0430\\u0445 .RU \\u0438 .\\u0420\\u0424. \\u0423\\u0434\\u043e\\u0431\\u0441\\u0442\\u0432\\u043e, \\u043d\\u0430\\u0434\\u0435\\u0436\\u043d\\u043e\\u0441\\u0442\\u044c \\u0438 \\u0430\\u043d\\u043e\\u043d\\u0438\\u043c\\u043d\\u043e\\u0441\\u0442\\u044c \\u0412\\u0430\\u0448\\u0438\\u0445 \\u043f\\u043e\\u043a\\u0443\\u043f\\u043e\\u043a \\u0432 \\u0418\\u043d\\u0442\\u0435\\u0440\\u043d\\u0435\\u0442\\u0435. http:\\/\\/t.co\\/M4AmyKqfGA","source":"\\u003ca href=\\"http:\\/\\/twitter.com\\" rel=\\"nofollow\\"\\u003eTwitter Web Client\\u003c\\/a\\u003e","truncated":false,"in_reply_to_status_id":null,"in_reply_to_status_id_str":null,"in_reply_to_user_id":null,"in_reply_to_user_id_str":null,"in_reply_to_screen_name":null,"geo":null,"coordinates":null,"place":null,"contributors":null,"retweet_count":0,"favorite_count":0,"entities":{"hashtags":[],"symbols":[],"user_mentions":[],"urls":[{"url":"http:\\/\\/t.co\\/M4AmyKqfGA","expanded_url":"http:\\/\\/www.iqupi.ru\\/","display_url":"iqupi.ru","indices":[114,136]}]},"favorited":false,"retweeted":false,"possibly_sensitive":false,"lang":"ru"},"contributors_enabled":false,"is_translator":false,"is_translation_enabled":false,"profile_background_color":"000000","profile_background_image_url":"http:\\/\\/pbs.twimg.com\\/profile_background_images\\/289129122\\/895066545.jpg","profile_background_image_url_https":"https:\\/\\/pbs.twimg.com\\/profile_background_images\\/289129122\\/895066545.jpg","profile_background_tile":false,"profile_image_url":"http:\\/\\/pbs.twimg.com\\/profile_images\\/465231495032885248\\/2WI2peft_normal.jpeg","profile_image_url_https":"https:\\/\\/pbs.twimg.com\\/profile_images\\/465231495032885248\\/2WI2peft_normal.jpeg","profile_banner_url":"https:\\/\\/pbs.twimg.com\\/profile_banners\\/193293635\\/1399754637","profile_link_color":"318F8D","profile_sidebar_border_color":"989047","profile_sidebar_fill_color":"000000","profile_text_color":"00E1FF","profile_use_background_image":true,"has_extended_profile":false,"default_profile":false,"default_profile_image":false,"following":false,"follow_request_sent":false,"notifications":false}'
    in C:\OpenServer\domains\bsb.toozza.ru\yii2\vendor\nodge\yii2-eauth\src\oauth\HttpClient.php:201
    in C:\OpenServer\domains\bsb.toozza.ru\yii2\vendor\nodge\yii2-eauth\src\oauth\HttpClient.php:112
    in C:\OpenServer\domains\bsb.toozza.ru\yii2\vendor\lusitanian\oauth\src\OAuth\OAuth1\Service\AbstractService.php:132
2016-01-15 09:23:20 [127.0.0.1][-][-][trace][nodge\eauth\oauth] EAuth http request: 
array (
  'url' => 'https://api.twitter.com/oauth/request_token',
  'method' => 'POST',
  'headers' => 
  array (
    'Authorization' => 'Authorization: OAuth oauth_callback="http%3A%2F%2Fbsb.toozza.ru%2Fuser%2Fsocial%2Flogin%3Fservice%3Dtw", oauth_consumer_key="x3JOQktxKRY4alFVnlUrvf560", oauth_nonce="RkW293HBNW7XG4INbOEl6bviMEmU5bOR", oauth_signature_method="HMAC-SHA1", oauth_timestamp="1452839000", oauth_version="1.0", oauth_signature="MSpZMzdZ9AM%2FwmMoSsi7J2DKXU0%3D"',
    'Content-type' => 'Content-type: application/x-www-form-urlencoded',
    'User-Agent' => 'User-Agent: yii2-eauth',
    'Host' => 'Host: api.twitter.com',
    'Connection' => 'Connection: close',
  ),
  'body' => 
  array (
  ),
)
    in C:\OpenServer\domains\bsb.toozza.ru\yii2\vendor\nodge\yii2-eauth\src\oauth\HttpClient.php:153
    in C:\OpenServer\domains\bsb.toozza.ru\yii2\vendor\nodge\yii2-eauth\src\oauth\HttpClient.php:167
    in C:\OpenServer\domains\bsb.toozza.ru\yii2\vendor\nodge\yii2-eauth\src\oauth\HttpClient.php:112
2016-01-15 09:23:21 [127.0.0.1][-][-][trace][nodge\eauth\oauth] EAuth http response: 
'oauth_token=60C04AAAAAAAjysaAAABUkPz7nY&oauth_token_secret=kEXEBRLJi7Dwommeeg4guHpN7ah28Fah&oauth_callback_confirmed=true'
    in C:\OpenServer\domains\bsb.toozza.ru\yii2\vendor\nodge\yii2-eauth\src\oauth\HttpClient.php:201
    in C:\OpenServer\domains\bsb.toozza.ru\yii2\vendor\nodge\yii2-eauth\src\oauth\HttpClient.php:112
    in C:\OpenServer\domains\bsb.toozza.ru\yii2\vendor\lusitanian\oauth\src\OAuth\OAuth1\Service\AbstractService.php:52
2016-01-15 09:23:50 [127.0.0.1][-][-][trace][nodge\eauth\oauth] EAuth http request: 
array (
  'url' => 'https://api.twitter.com/oauth/access_token',
  'method' => 'POST',
  'headers' => 
  array (
    'Authorization' => 'Authorization: OAuth oauth_consumer_key="x3JOQktxKRY4alFVnlUrvf560", oauth_nonce="kfYooNpdBkdyNN19kES04TolhYFVSRiC", oauth_signature_method="HMAC-SHA1", oauth_timestamp="1452839030", oauth_version="1.0", oauth_token="60C04AAAAAAAjysaAAABUkPz7nY", oauth_verifier="oMvCjn4WWG6ovV7rxsOcclXmJHYgCYDT", oauth_signature="YwhKRwZ9A23BvTqQb%2FXCQ9XCB1c%3D"',
    'Content-type' => 'Content-type: application/x-www-form-urlencoded',
    'User-Agent' => 'User-Agent: yii2-eauth',
    'Host' => 'Host: api.twitter.com',
    'Connection' => 'Connection: close',
  ),
  'body' => 
  array (
    'oauth_verifier' => 'oMvCjn4WWG6ovV7rxsOcclXmJHYgCYDT',
  ),
)
    in C:\OpenServer\domains\bsb.toozza.ru\yii2\vendor\nodge\yii2-eauth\src\oauth\HttpClient.php:153
    in C:\OpenServer\domains\bsb.toozza.ru\yii2\vendor\nodge\yii2-eauth\src\oauth\HttpClient.php:167
    in C:\OpenServer\domains\bsb.toozza.ru\yii2\vendor\nodge\yii2-eauth\src\oauth\HttpClient.php:112
2016-01-15 09:23:51 [127.0.0.1][-][-][trace][nodge\eauth\oauth] EAuth http response: 
'oauth_token=193293635-d9PsPUl8GMHaVGu0xOYiKxIRgfR9oc41yRLrdLZM&oauth_token_secret=jnIrc1ZAHmMtFLylsQLxmfz0nLlZGtNAofvox4Trk4kkP&user_id=193293635&screen_name=darth_smirnov&x_auth_expires=0'
    in C:\OpenServer\domains\bsb.toozza.ru\yii2\vendor\nodge\yii2-eauth\src\oauth\HttpClient.php:201
    in C:\OpenServer\domains\bsb.toozza.ru\yii2\vendor\nodge\yii2-eauth\src\oauth\HttpClient.php:112
    in C:\OpenServer\domains\bsb.toozza.ru\yii2\vendor\lusitanian\oauth\src\OAuth\OAuth1\Service\AbstractService.php:100
2016-01-15 09:23:51 [127.0.0.1][-][-][trace][nodge\eauth\oauth] EAuth http request: 
array (
  'url' => 'https://api.twitter.com/1.1/account/verify_credentials.json',
  'method' => 'GET',
  'headers' => 
  array (
    'Authorization' => 'Authorization: OAuth oauth_consumer_key="x3JOQktxKRY4alFVnlUrvf560", oauth_nonce="b3mD3stHNAI2ipGkSnsQntEg0alQ4q0g", oauth_signature_method="HMAC-SHA1", oauth_timestamp="1452839031", oauth_version="1.0", oauth_token="193293635-d9PsPUl8GMHaVGu0xOYiKxIRgfR9oc41yRLrdLZM", oauth_signature="JRE%2BFxMtHYA3WgjUAYdPHQcETiM%3D"',
    'User-Agent' => 'User-Agent: yii2-eauth',
    'Host' => 'Host: api.twitter.com',
    'Connection' => 'Connection: close',
  ),
  'body' => 
  array (
  ),
)
    in C:\OpenServer\domains\bsb.toozza.ru\yii2\vendor\nodge\yii2-eauth\src\oauth\HttpClient.php:153
    in C:\OpenServer\domains\bsb.toozza.ru\yii2\vendor\nodge\yii2-eauth\src\oauth\HttpClient.php:167
    in C:\OpenServer\domains\bsb.toozza.ru\yii2\vendor\nodge\yii2-eauth\src\oauth\HttpClient.php:112
2016-01-15 09:23:52 [127.0.0.1][-][-][trace][nodge\eauth\oauth] EAuth http response: 
'{"id":193293635,"id_str":"193293635","name":"\\u0410\\u043b\\u0435\\u043a\\u0441\\u0430\\u043d\\u0434\\u0440 \\u0421\\u043c\\u0438\\u0440\\u043d\\u043e\\u0432","screen_name":"darth_smirnov","location":"\\u0421\\u0438\\u043c\\u0444\\u0435\\u0440\\u043e\\u043f\\u043e\\u043b\\u044c, \\u0420\\u043e\\u0441\\u0441\\u0438\\u044f","description":"\\u0412\\u0435\\u0440\\u0441\\u0442\\u0430\\u043b\\u044c\\u0449\\u0438\\u043a, Wordpress \\u0440\\u0430\\u0437\\u0440\\u0430\\u0431\\u043e\\u0442\\u0447\\u0438\\u043a","url":null,"entities":{"description":{"urls":[]}},"protected":false,"followers_count":7,"friends_count":50,"listed_count":0,"created_at":"Tue Sep 21 13:34:58 +0000 2010","favourites_count":2,"utc_offset":10800,"time_zone":"Moscow","geo_enabled":false,"verified":false,"statuses_count":90,"lang":"ru","status":{"created_at":"Sun Sep 13 10:03:04 +0000 2015","id":643001942168477696,"id_str":"643001942168477696","text":"\\u0418\\u043d\\u043d\\u043e\\u0432\\u0430\\u0446\\u0438\\u043e\\u043d\\u043d\\u0430\\u044f \\u0441\\u0438\\u0441\\u0442\\u0435\\u043c\\u0430 e-Commerce \\u0432 \\u0437\\u043e\\u043d\\u0430\\u0445 .RU \\u0438 .\\u0420\\u0424. \\u0423\\u0434\\u043e\\u0431\\u0441\\u0442\\u0432\\u043e, \\u043d\\u0430\\u0434\\u0435\\u0436\\u043d\\u043e\\u0441\\u0442\\u044c \\u0438 \\u0430\\u043d\\u043e\\u043d\\u0438\\u043c\\u043d\\u043e\\u0441\\u0442\\u044c \\u0412\\u0430\\u0448\\u0438\\u0445 \\u043f\\u043e\\u043a\\u0443\\u043f\\u043e\\u043a \\u0432 \\u0418\\u043d\\u0442\\u0435\\u0440\\u043d\\u0435\\u0442\\u0435. http:\\/\\/t.co\\/M4AmyKqfGA","source":"\\u003ca href=\\"http:\\/\\/twitter.com\\" rel=\\"nofollow\\"\\u003eTwitter Web Client\\u003c\\/a\\u003e","truncated":false,"in_reply_to_status_id":null,"in_reply_to_status_id_str":null,"in_reply_to_user_id":null,"in_reply_to_user_id_str":null,"in_reply_to_screen_name":null,"geo":null,"coordinates":null,"place":null,"contributors":null,"is_quote_status":false,"retweet_count":0,"favorite_count":0,"entities":{"hashtags":[],"symbols":[],"user_mentions":[],"urls":[{"url":"http:\\/\\/t.co\\/M4AmyKqfGA","expanded_url":"http:\\/\\/www.iqupi.ru\\/","display_url":"iqupi.ru","indices":[114,136]}]},"favorited":false,"retweeted":false,"possibly_sensitive":false,"lang":"ru"},"contributors_enabled":false,"is_translator":false,"is_translation_enabled":false,"profile_background_color":"000000","profile_background_image_url":"http:\\/\\/pbs.twimg.com\\/profile_background_images\\/289129122\\/895066545.jpg","profile_background_image_url_https":"https:\\/\\/pbs.twimg.com\\/profile_background_images\\/289129122\\/895066545.jpg","profile_background_tile":false,"profile_image_url":"http:\\/\\/pbs.twimg.com\\/profile_images\\/465231495032885248\\/2WI2peft_normal.jpeg","profile_image_url_https":"https:\\/\\/pbs.twimg.com\\/profile_images\\/465231495032885248\\/2WI2peft_normal.jpeg","profile_banner_url":"https:\\/\\/pbs.twimg.com\\/profile_banners\\/193293635\\/1399754637","profile_link_color":"318F8D","profile_sidebar_border_color":"989047","profile_sidebar_fill_color":"000000","profile_text_color":"00E1FF","profile_use_background_image":true,"has_extended_profile":false,"default_profile":false,"default_profile_image":false,"following":false,"follow_request_sent":false,"notifications":false}'
    in C:\OpenServer\domains\bsb.toozza.ru\yii2\vendor\nodge\yii2-eauth\src\oauth\HttpClient.php:201
    in C:\OpenServer\domains\bsb.toozza.ru\yii2\vendor\nodge\yii2-eauth\src\oauth\HttpClient.php:112
    in C:\OpenServer\domains\bsb.toozza.ru\yii2\vendor\lusitanian\oauth\src\OAuth\OAuth1\Service\AbstractService.php:132
